cdk : O=C=O inchi = CURLTUGMZLYLDI-UHFFFAOYSA-N
org.junit.ComparisonFailure: expected:<[tru]e> but was:<[fals]e>
	at org.junit.Assert.assertEquals(Assert.java:115)
	at org.junit.Assert.assertEquals(Assert.java:144)
	at ix.test.structureindexer.StructureIndexerTest.ensureBasicSSSCanGivePositiveResultOnStrictSubstructure(StructureIndexerTest.java:267)
	at sun.reflect.NativeMethodAccessorImpl.invoke0(Native Method)
	at sun.reflect.NativeMethodAccessorImpl.invoke(NativeMethodAccessorImpl.java:62)
	at sun.reflect.DelegatingMethodAccessorImpl.invoke(DelegatingMethodAccessorImpl.java:43)
	at java.lang.reflect.Method.invoke(Method.java:498)
	at org.junit.runners.model.FrameworkMethod$1.runReflectiveCall(FrameworkMethod.java:50)
	at org.junit.internal.runners.model.ReflectiveCallable.run(ReflectiveCallable.java:12)
	at org.junit.runners.model.FrameworkMethod.invokeExplosively(FrameworkMethod.java:47)
	at org.junit.internal.runners.statements.InvokeMethod.evaluate(InvokeMethod.java:17)
	at org.junit.internal.runners.statements.RunBefores.evaluate(RunBefores.java:26)
	at org.junit.rules.ExternalResource$1.evaluate(ExternalResource.java:48)
	at org.junit.rules.ExpectedException$ExpectedExceptionStatement.evaluate(ExpectedException.java:239)
	at org.junit.rules.ExternalResource$1.evaluate(ExternalResource.java:48)
	at org.junit.rules.TestWatcher$1.evaluate(TestWatcher.java:55)
	at org.junit.rules.TestWatcher$1.evaluate(TestWatcher.java:55)
	at org.junit.rules.RunRules.evaluate(RunRules.java:20)
	at org.junit.runners.ParentRunner.runLeaf(ParentRunner.java:325)
	at org.junit.runners.BlockJUnit4ClassRunner.runChild(BlockJUnit4ClassRunner.java:78)
	at ix.core.util.RunOnlyTestRunner.runChild(RunOnlyTestRunner.java:40)
	at ix.core.util.RunOnlyTestRunner.runChild(RunOnlyTestRunner.java:18)
	at org.junit.runners.ParentRunner$3.run(ParentRunner.java:290)
	at org.junit.runners.ParentRunner$1.schedule(ParentRunner.java:71)
	at org.junit.runners.ParentRunner.runChildren(ParentRunner.java:288)
	at org.junit.runners.ParentRunner.access$000(ParentRunner.java:58)
	at org.junit.runners.ParentRunner$2.evaluate(ParentRunner.java:268)
	at org.junit.runners.ParentRunner.run(ParentRunner.java:363)
	at org.junit.runners.Suite.runChild(Suite.java:128)
	at org.junit.runners.Suite.runChild(Suite.java:27)
	at org.junit.runners.ParentRunner$3.run(ParentRunner.java:290)
	at org.junit.runners.ParentRunner$1.schedule(ParentRunner.java:71)
	at org.junit.runners.ParentRunner.runChildren(ParentRunner.java:288)
	at org.junit.runners.ParentRunner.access$000(ParentRunner.java:58)
	at org.junit.runners.ParentRunner$2.evaluate(ParentRunner.java:268)
	at org.junit.runners.ParentRunner.run(ParentRunner.java:363)
	at org.junit.runner.JUnitCore.run(JUnitCore.java:137)
	at org.junit.runner.JUnitCore.run(JUnitCore.java:115)
	at com.novocode.junit.JUnitRunner$1.execute(JUnitRunner.java:132)
	at sbt.ForkMain$Run$2.call(ForkMain.java:294)
	at sbt.ForkMain$Run$2.call(ForkMain.java:284)
	at java.util.concurrent.FutureTask.run(FutureTask.java:266)
	at java.util.concurrent.ThreadPoolExecutor.runWorker(ThreadPoolExecutor.java:1149)
	at java.util.concurrent.ThreadPoolExecutor$Worker.run(ThreadPoolExecutor.java:624)
	at java.lang.Thread.run(Thread.java:748)
Failed test  : ix.test.structureindexer.StructureIndexerTest . ensureBasicSSSCanGivePositiveResultOnStrictSubstructure
[error] Test ix.test.structureindexer.StructureIndexerTest.ensureBasicSSSCanGivePositiveResultOnStrictSubstructure failed: expected:<[tru]e> but was:<[fals]e>, took 4.927 sec
Starting test: ix.test.structureindexer.StructureIndexerTest . ensureSubstructureSearchHasBasicSmartsSupport
microservice is enabled ? false
cdk : O=C=O inchi = CURLTUGMZLYLDI-UHFFFAOYSA-N
java.lang.AssertionError: expected:<2> but was:<0>
	at org.junit.Assert.fail(Assert.java:88)
	at org.junit.Assert.failNotEquals(Assert.java:834)
	at org.junit.Assert.assertEquals(Assert.java:645)
	at org.junit.Assert.assertEquals(Assert.java:631)
	at ix.test.structureindexer.StructureIndexerTest.ensureSubstructureSearchHasBasicSmartsSupport(StructureIndexerTest.java:64)
	at sun.reflect.NativeMethodAccessorImpl.invoke0(Native Method)
	at sun.reflect.NativeMethodAccessorImpl.invoke(NativeMethodAccessorImpl.java:62)
	at sun.reflect.DelegatingMethodAccessorImpl.invoke(DelegatingMethodAccessorImpl.java:43)
	at java.lang.reflect.Method.invoke(Method.java:498)
	at org.junit.runners.model.FrameworkMethod$1.runReflectiveCall(FrameworkMethod.java:50)
	at org.junit.internal.runners.model.ReflectiveCallable.run(ReflectiveCallable.java:12)
	at org.junit.runners.model.FrameworkMethod.invokeExplosively(FrameworkMethod.java:47)
	at org.junit.internal.runners.statements.InvokeMethod.evaluate(InvokeMethod.java:17)
	at org.junit.internal.runners.statements.RunBefores.evaluate(RunBefores.java:26)
	at org.junit.rules.ExternalResource$1.evaluate(ExternalResource.java:48)
	at org.junit.rules.ExpectedException$ExpectedExceptionStatement.evaluate(ExpectedException.java:239)
	at org.junit.rules.ExternalResource$1.evaluate(ExternalResource.java:48)
	at org.junit.rules.TestWatcher$1.evaluate(TestWatcher.java:55)
	at org.junit.rules.TestWatcher$1.evaluate(TestWatcher.java:55)
	at org.junit.rules.RunRules.evaluate(RunRules.java:20)
	at org.junit.runners.ParentRunner.runLeaf(ParentRunner.java:325)
	at org.junit.runners.BlockJUnit4ClassRunner.runChild(BlockJUnit4ClassRunner.java:78)
	at ix.core.util.RunOnlyTestRunner.runChild(RunOnlyTestRunner.java:40)
	at ix.core.util.RunOnlyTestRunner.runChild(RunOnlyTestRunner.java:18)
	at org.junit.runners.ParentRunner$3.run(ParentRunner.java:290)
	at org.junit.runners.ParentRunner$1.schedule(ParentRunner.java:71)
	at org.junit.runners.ParentRunner.runChildren(ParentRunner.java:288)
	at org.junit.runners.ParentRunner.access$000(ParentRunner.java:58)
	at org.junit.runners.ParentRunner$2.evaluate(ParentRunner.java:268)
	at org.junit.runners.ParentRunner.run(ParentRunner.java:363)
	at org.junit.runners.Suite.runChild(Suite.java:128)
	at org.junit.runners.Suite.runChild(Suite.java:27)
	at org.junit.runners.ParentRunner$3.run(ParentRunner.java:290)
	at org.junit.runners.ParentRunner$1.schedule(ParentRunner.java:71)
	at org.junit.runners.ParentRunner.runChildren(ParentRunner.java:288)
	at org.junit.runners.ParentRunner.access$000(ParentRunner.java:58)
	at org.junit.runners.ParentRunner$2.evaluate(ParentRunner.java:268)
	at org.junit.runners.ParentRunner.run(ParentRunner.java:363)
	at org.junit.runner.JUnitCore.run(JUnitCore.java:137)
	at org.junit.runner.JUnitCore.run(JUnitCore.java:115)
	at com.novocode.junit.JUnitRunner$1.execute(JUnitRunner.java:132)
	at sbt.ForkMain$Run$2.call(ForkMain.java:294)
	at sbt.ForkMain$Run$2.call(ForkMain.java:284)
	at java.util.concurrent.FutureTask.run(FutureTask.java:266)
	at java.util.concurrent.ThreadPoolExecutor.runWorker(ThreadPoolExecutor.java:1149)
	at java.util.concurrent.ThreadPoolExecutor$Worker.run(ThreadPoolExecutor.java:624)
	at java.lang.Thread.run(Thread.java:748)
Failed test  : ix.test.structureindexer.StructureIndexerTest . ensureSubstructureSearchHasBasicSmartsSupport
[error] Test ix.test.structureindexer.StructureIndexerTest.ensureSubstructureSearchHasBasicSmartsSupport failed: expected:<2> but was:<0>, took 5.15 sec
Starting test: ix.test.structureindexer.StructureIndexerTest . ensureBasicBenzeneSearchWorksAromatic
microservice is enabled ? false
cdk : O=C=O inchi = CURLTUGMZLYLDI-UHFFFAOYSA-N
Success test : ix.test.structureindexer.StructureIndexerTest . ensureBasicBenzeneSearchWorksAromatic
Starting test: ix.test.structureindexer.StructureIndexerTest . ensureBasicSSSCanGiveNegativeResultOnCyclohexaneCase
microservice is enabled ? false
cdk : O=C=O inchi = CURLTUGMZLYLDI-UHFFFAOYSA-N
Success test : ix.test.structureindexer.StructureIndexerTest . ensureBasicSSSCanGiveNegativeResultOnCyclohexaneCase
Starting test: ix.test.structureindexer.StructureIndexerTest . ensureBasicSSSCanGiveNegativeResult
microservice is enabled ? false
cdk : O=C=O inchi = CURLTUGMZLYLDI-UHFFFAOYSA-N
Success test : ix.test.structureindexer.StructureIndexerTest . ensureBasicSSSCanGiveNegativeResult
Starting test: ix.test.structureindexer.StructureIndexerTest . ensureSingleDoubleBondSearchDoNotReturnAromaticBenzene
microservice is enabled ? false
cdk : O=C=O inchi = CURLTUGMZLYLDI-UHFFFAOYSA-N
Success test : ix.test.structureindexer.StructureIndexerTest . ensureSingleDoubleBondSearchDoNotReturnAromaticBenzene
Starting test: ix.test.structureindexer.StructureIndexerTest . ensureBasicSSSCanGivePositiveResult
microservice is enabled ? false
cdk : O=C=O inchi = CURLTUGMZLYLDI-UHFFFAOYSA-N
org.junit.ComparisonFailure: expected:<[tru]e> but was:<[fals]e>
	at org.junit.Assert.assertEquals(Assert.java:115)
	at org.junit.Assert.assertEquals(Assert.java:144)
	at ix.test.structureindexer.StructureIndexerTest.ensureBasicSSSCanGivePositiveResult(StructureIndexerTest.java:240)
	at sun.reflect.NativeMethodAccessorImpl.invoke0(Native Method)
	at sun.reflect.NativeMethodAccessorImpl.invoke(NativeMethodAccessorImpl.java:62)
	at sun.reflect.DelegatingMethodAccessorImpl.invoke(DelegatingMethodAccessorImpl.java:43)
	at java.lang.reflect.Method.invoke(Method.java:498)
	at org.junit.runners.model.FrameworkMethod$1.runReflectiveCall(FrameworkMethod.java:50)
	at org.junit.internal.runners.model.ReflectiveCallable.run(ReflectiveCallable.java:12)
	at org.junit.runners.model.FrameworkMethod.invokeExplosively(FrameworkMethod.java:47)
	at org.junit.internal.runners.statements.InvokeMethod.evaluate(InvokeMethod.java:17)
	at org.junit.internal.runners.statements.RunBefores.evaluate(RunBefores.java:26)
	at org.junit.rules.ExternalResource$1.evaluate(ExternalResource.java:48)
	at org.junit.rules.ExpectedException$ExpectedExceptionStatement.evaluate(ExpectedException.java:239)
	at org.junit.rules.ExternalResource$1.evaluate(ExternalResource.java:48)
	at org.junit.rules.TestWatcher$1.evaluate(TestWatcher.java:55)
	at org.junit.rules.TestWatcher$1.evaluate(TestWatcher.java:55)
	at org.junit.rules.RunRules.evaluate(RunRules.java:20)
	at org.junit.runners.ParentRunner.runLeaf(ParentRunner.java:325)
	at org.junit.runners.BlockJUnit4ClassRunner.runChild(BlockJUnit4ClassRunner.java:78)
	at ix.core.util.RunOnlyTestRunner.runChild(RunOnlyTestRunner.java:40)
	at ix.core.util.RunOnlyTestRunner.runChild(RunOnlyTestRunner.java:18)
	at org.junit.runners.ParentRunner$3.run(ParentRunner.java:290)
	at org.junit.runners.ParentRunner$1.schedule(ParentRunner.java:71)
	at org.junit.runners.ParentRunner.runChildren(ParentRunner.java:288)
	at org.junit.runners.ParentRunner.access$000(ParentRunner.java:58)
	at org.junit.runners.ParentRunner$2.evaluate(ParentRunner.java:268)
	at org.junit.runners.ParentRunner.run(ParentRunner.java:363)
	at org.junit.runners.Suite.runChild(Suite.java:128)
	at org.junit.runners.Suite.runChild(Suite.java:27)
	at org.junit.runners.ParentRunner$3.run(ParentRunner.java:290)
	at org.junit.runners.ParentRunner$1.schedule(ParentRunner.java:71)
	at org.junit.runners.ParentRunner.runChildren(ParentRunner.java:288)
	at org.junit.runners.ParentRunner.access$000(ParentRunner.java:58)
	at org.junit.runners.ParentRunner$2.evaluate(ParentRunner.java:268)
	at org.junit.runners.ParentRunner.run(ParentRunner.java:363)
	at org.junit.runner.JUnitCore.run(JUnitCore.java:137)
	at org.junit.runner.JUnitCore.run(JUnitCore.java:115)
	at com.novocode.junit.JUnitRunner$1.execute(JUnitRunner.java:132)
	at sbt.ForkMain$Run$2.call(ForkMain.java:294)
	at sbt.ForkMain$Run$2.call(ForkMain.java:284)
	at java.util.concurrent.FutureTask.run(FutureTask.java:266)
	at java.util.concurrent.ThreadPoolExecutor.runWorker(ThreadPoolExecutor.java:1149)
	at java.util.concurrent.ThreadPoolExecutor$Worker.run(ThreadPoolExecutor.java:624)
	at java.lang.Thread.run(Thread.java:748)
Failed test  : ix.test.structureindexer.StructureIndexerTest . ensureBasicSSSCanGivePositiveResult
[error] Test ix.test.structureindexer.StructureIndexerTest.ensureBasicSSSCanGivePositiveResult failed: expected:<[tru]e> but was:<[fals]e>, took 4.069 sec
Starting test: ix.test.structureindexer.StructureIndexerTest . ensureBenzeneSearchWorks
microservice is enabled ? false
cdk : O=C=O inchi = CURLTUGMZLYLDI-UHFFFAOYSA-N
java.lang.AssertionError: expected:<1> but was:<0>
	at org.junit.Assert.fail(Assert.java:88)
	at org.junit.Assert.failNotEquals(Assert.java:834)
	at org.junit.Assert.assertEquals(Assert.java:645)
	at org.junit.Assert.assertEquals(Assert.java:631)
	at ix.test.structureindexer.StructureIndexerTest.ensureBenzeneSearchWorks(StructureIndexerTest.java:72)
	at sun.reflect.NativeMethodAccessorImpl.invoke0(Native Method)
	at sun.reflect.NativeMethodAccessorImpl.invoke(NativeMethodAccessorImpl.java:62)
	at sun.reflect.DelegatingMethodAccessorImpl.invoke(DelegatingMethodAccessorImpl.java:43)
	at java.lang.reflect.Method.invoke(Method.java:498)
	at org.junit.runners.model.FrameworkMethod$1.runReflectiveCall(FrameworkMethod.java:50)
	at org.junit.internal.runners.model.ReflectiveCallable.run(ReflectiveCallable.java:12)
	at org.junit.runners.model.FrameworkMethod.invokeExplosively(FrameworkMethod.java:47)
	at org.junit.internal.runners.statements.InvokeMethod.evaluate(InvokeMethod.java:17)
	at org.junit.internal.runners.statements.RunBefores.evaluate(RunBefores.java:26)
	at org.junit.rules.ExternalResource$1.evaluate(ExternalResource.java:48)
	at org.junit.rules.ExpectedException$ExpectedExceptionStatement.evaluate(ExpectedException.java:239)
	at org.junit.rules.ExternalResource$1.evaluate(ExternalResource.java:48)
	at org.junit.rules.TestWatcher$1.evaluate(TestWatcher.java:55)
	at org.junit.rules.TestWatcher$1.evaluate(TestWatcher.java:55)
	at org.junit.rules.RunRules.evaluate(RunRules.java:20)
	at org.junit.runners.ParentRunner.runLeaf(ParentRunner.java:325)
	at org.junit.runners.BlockJUnit4ClassRunner.runChild(BlockJUnit4ClassRunner.java:78)
	at ix.core.util.RunOnlyTestRunner.runChild(RunOnlyTestRunner.java:40)
	at ix.core.util.RunOnlyTestRunner.runChild(RunOnlyTestRunner.java:18)
	at org.junit.runners.ParentRunner$3.run(ParentRunner.java:290)
	at org.junit.runners.ParentRunner$1.schedule(ParentRunner.java:71)
	at org.junit.runners.ParentRunner.runChildren(ParentRunner.java:288)
	at org.junit.runners.ParentRunner.access$000(ParentRunner.java:58)
	at org.junit.runners.ParentRunner$2.evaluate(ParentRunner.java:268)
	at org.junit.runners.ParentRunner.run(ParentRunner.java:363)
	at org.junit.runners.Suite.runChild(Suite.java:128)
	at org.junit.runners.Suite.runChild(Suite.java:27)
	at org.junit.runners.ParentRunner$3.run(ParentRunner.java:290)
	at org.junit.runners.ParentRunner$1.schedule(ParentRunner.java:71)
	at org.junit.runners.ParentRunner.runChildren(ParentRunner.java:288)
	at org.junit.runners.ParentRunner.access$000(ParentRunner.java:58)
	at org.junit.runners.ParentRunner$2.evaluate(ParentRunner.java:268)
	at org.junit.runners.ParentRunner.run(ParentRunner.java:363)
	at org.junit.runner.JUnitCore.run(JUnitCore.java:137)
	at org.junit.runner.JUnitCore.run(JUnitCore.java:115)
	at com.novocode.junit.JUnitRunner$1.execute(JUnitRunner.java:132)
	at sbt.ForkMain$Run$2.call(ForkMain.java:294)
	at sbt.ForkMain$Run$2.call(ForkMain.java:284)
	at java.util.concurrent.FutureTask.run(FutureTask.java:266)
	at java.util.concurrent.ThreadPoolExecutor.runWorker(ThreadPoolExecutor.java:1149)
	at java.util.concurrent.ThreadPoolExecutor$Worker.run(ThreadPoolExecutor.java:624)
	at java.lang.Thread.run(Thread.java:748)
Failed test  : ix.test.structureindexer.StructureIndexerTest . ensureBenzeneSearchWorks
Starting test: ix.test.structureindexer.StructureIndexerTest . ensureIndexing2StructuresWithSameIdThenDeletingTheIDReturnsNothing
[error] Test ix.test.structureindexer.StructureIndexerTest.ensureBenzeneSearchWorks failed: expected:<1> but was:<0>, took 3.91 sec
microservice is enabled ? false
cdk : O=C=O inchi = CURLTUGMZLYLDI-UHFFFAOYSA-N
Success test : ix.test.structureindexer.StructureIndexerTest . ensureIndexing2StructuresWithSameIdThenDeletingTheIDReturnsNothing
Starting test: ix.test.structureindexer.StructureIndexerTest . ensureSingleDoubleBondSearchDoNotReturnKekulizeBenzene
microservice is enabled ? false
cdk : O=C=O inchi = CURLTUGMZLYLDI-UHFFFAOYSA-N
Success test : ix.test.structureindexer.StructureIndexerTest . ensureSingleDoubleBondSearchDoNotReturnKekulizeBenzene
Starting test: ix.test.structureindexer.StructureIndexerTest . ensureBenzeneAromaticSearchWorks
microservice is enabled ? false
cdk : O=C=O inchi = CURLTUGMZLYLDI-UHFFFAOYSA-N
java.lang.AssertionError: expected:<1> but was:<0>
	at org.junit.Assert.fail(Assert.java:88)
	at org.junit.Assert.failNotEquals(Assert.java:834)
	at org.junit.Assert.assertEquals(Assert.java:645)
	at org.junit.Assert.assertEquals(Assert.java:631)
	at ix.test.structureindexer.StructureIndexerTest.ensureBenzeneAromaticSearchWorks(StructureIndexerTest.java:80)
	at sun.reflect.NativeMethodAccessorImpl.invoke0(Native Method)
	at sun.reflect.NativeMethodAccessorImpl.invoke(NativeMethodAccessorImpl.java:62)
	at sun.reflect.DelegatingMethodAccessorImpl.invoke(DelegatingMethodAccessorImpl.java:43)
	at java.lang.reflect.Method.invoke(Method.java:498)
	at org.junit.runners.model.FrameworkMethod$1.runReflectiveCall(FrameworkMethod.java:50)
	at org.junit.internal.runners.model.ReflectiveCallable.run(ReflectiveCallable.java:12)
	at org.junit.runners.model.FrameworkMethod.invokeExplosively(FrameworkMethod.java:47)
	at org.junit.internal.runners.statements.InvokeMethod.evaluate(InvokeMethod.java:17)
	at org.junit.internal.runners.statements.RunBefores.evaluate(RunBefores.java:26)
	at org.junit.rules.ExternalResource$1.evaluate(ExternalResource.java:48)
	at org.junit.rules.ExpectedException$ExpectedExceptionStatement.evaluate(ExpectedException.java:239)
	at org.junit.rules.ExternalResource$1.evaluate(ExternalResource.java:48)
	at org.junit.rules.TestWatcher$1.evaluate(TestWatcher.java:55)
	at org.junit.rules.TestWatcher$1.evaluate(TestWatcher.java:55)
	at org.junit.rules.RunRules.evaluate(RunRules.java:20)
	at org.junit.runners.ParentRunner.runLeaf(ParentRunner.java:325)
	at org.junit.runners.BlockJUnit4ClassRunner.runChild(BlockJUnit4ClassRunner.java:78)
	at ix.core.util.RunOnlyTestRunner.runChild(RunOnlyTestRunner.java:40)
	at ix.core.util.RunOnlyTestRunner.runChild(RunOnlyTestRunner.java:18)
	at org.junit.runners.ParentRunner$3.run(ParentRunner.java:290)
	at org.junit.runners.ParentRunner$1.schedule(ParentRunner.java:71)
	at org.junit.runners.ParentRunner.runChildren(ParentRunner.java:288)
	at org.junit.runners.ParentRunner.access$000(ParentRunner.java:58)
	at org.junit.runners.ParentRunner$2.evaluate(ParentRunner.java:268)
	at org.junit.runners.ParentRunner.run(ParentRunner.java:363)
	at org.junit.runners.Suite.runChild(Suite.java:128)
	at org.junit.runners.Suite.runChild(Suite.java:27)
	at org.junit.runners.ParentRunner$3.run(ParentRunner.java:290)
	at org.junit.runners.ParentRunner$1.schedule(ParentRunner.java:71)
	at org.junit.runners.ParentRunner.runChildren(ParentRunner.java:288)
	at org.junit.runners.ParentRunner.access$000(ParentRunner.java:58)
	at org.junit.runners.ParentRunner$2.evaluate(ParentRunner.java:268)
	at org.junit.runners.ParentRunner.run(ParentRunner.java:363)
	at org.junit.runner.JUnitCore.run(JUnitCore.java:137)
	at org.junit.runner.JUnitCore.run(JUnitCore.java:115)
	at com.novocode.junit.JUnitRunner$1.execute(JUnitRunner.java:132)
	at sbt.ForkMain$Run$2.call(ForkMain.java:294)
	at sbt.ForkMain$Run$2.call(ForkMain.java:284)
	at java.util.concurrent.FutureTask.run(FutureTask.java:266)
	at java.util.concurrent.ThreadPoolExecutor.runWorker(ThreadPoolExecutor.java:1149)
	at java.util.concurrent.ThreadPoolExecutor$Worker.run(ThreadPoolExecutor.java:624)
	at java.lang.Thread.run(Thread.java:748)
Failed test  : ix.test.structureindexer.StructureIndexerTest . ensureBenzeneAromaticSearchWorks
[error] Test ix.test.structureindexer.StructureIndexerTest.ensureBenzeneAromaticSearchWorks failed: expected:<1> but was:<0>, took 3.693 sec
Starting test: ix.test.structureindexer.StructureIndexerTest . ensureBasicSSSCanGivePositiveResultOnStrictSubstructureDisconnectedQueryConnectedTarget
microservice is enabled ? false
cdk : O=C=O inchi = CURLTUGMZLYLDI-UHFFFAOYSA-N
Success test : ix.test.structureindexer.StructureIndexerTest . ensureBasicSSSCanGivePositiveResultOnStrictSubstructureDisconnectedQueryConnectedTarget
Starting test: ix.test.structureindexer.StructureIndexerTest . ensureBasicSSSCanGivePositiveResultOnStrictSubstructureConnected
microservice is enabled ? false
cdk : O=C=O inchi = CURLTUGMZLYLDI-UHFFFAOYSA-N
org.junit.ComparisonFailure: expected:<[tru]e> but was:<[fals]e>
	at org.junit.Assert.assertEquals(Assert.java:115)
	at org.junit.Assert.assertEquals(Assert.java:144)
	at ix.test.structureindexer.StructureIndexerTest.ensureBasicSSSCanGivePositiveResultOnStrictSubstructureConnected(StructureIndexerTest.java:295)
	at sun.reflect.NativeMethodAccessorImpl.invoke0(Native Method)
	at sun.reflect.NativeMethodAccessorImpl.invoke(NativeMethodAccessorImpl.java:62)
	at sun.reflect.DelegatingMethodAccessorImpl.invoke(DelegatingMethodAccessorImpl.java:43)
	at java.lang.reflect.Method.invoke(Method.java:498)
	at org.junit.runners.model.FrameworkMethod$1.runReflectiveCall(FrameworkMethod.java:50)
	at org.junit.internal.runners.model.ReflectiveCallable.run(ReflectiveCallable.java:12)
	at org.junit.runners.model.FrameworkMethod.invokeExplosively(FrameworkMethod.java:47)
	at org.junit.internal.runners.statements.InvokeMethod.evaluate(InvokeMethod.java:17)
	at org.junit.internal.runners.statements.RunBefores.evaluate(RunBefores.java:26)
	at org.junit.rules.ExternalResource$1.evaluate(ExternalResource.java:48)
	at org.junit.rules.ExpectedException$ExpectedExceptionStatement.evaluate(ExpectedException.java:239)
	at org.junit.rules.ExternalResource$1.evaluate(ExternalResource.java:48)
	at org.junit.rules.TestWatcher$1.evaluate(TestWatcher.java:55)
	at org.junit.rules.TestWatcher$1.evaluate(TestWatcher.java:55)
	at org.junit.rules.RunRules.evaluate(RunRules.java:20)
	at org.junit.runners.ParentRunner.runLeaf(ParentRunner.java:325)
	at org.junit.runners.BlockJUnit4ClassRunner.runChild(BlockJUnit4ClassRunner.java:78)
	at ix.core.util.RunOnlyTestRunner.runChild(RunOnlyTestRunner.java:40)
	at ix.core.util.RunOnlyTestRunner.runChild(RunOnlyTestRunner.java:18)
	at org.junit.runners.ParentRunner$3.run(ParentRunner.java:290)
	at org.junit.runners.ParentRunner$1.schedule(ParentRunner.java:71)
	at org.junit.runners.ParentRunner.runChildren(ParentRunner.java:288)
	at org.junit.runners.ParentRunner.access$000(ParentRunner.java:58)
	at org.junit.runners.ParentRunner$2.evaluate(ParentRunner.java:268)
	at org.junit.runners.ParentRunner.run(ParentRunner.java:363)
	at org.junit.runners.Suite.runChild(Suite.java:128)
	at org.junit.runners.Suite.runChild(Suite.java:27)
	at org.junit.runners.ParentRunner$3.run(ParentRunner.java:290)
	at org.junit.runners.ParentRunner$1.schedule(ParentRunner.java:71)
	at org.junit.runners.ParentRunner.runChildren(ParentRunner.java:288)
	at org.junit.runners.ParentRunner.access$000(ParentRunner.java:58)
	at org.junit.runners.ParentRunner$2.evaluate(ParentRunner.java:268)
	at org.junit.runners.ParentRunner.run(ParentRunner.java:363)
	at org.junit.runner.JUnitCore.run(JUnitCore.java:137)
	at org.junit.runner.JUnitCore.run(JUnitCore.java:115)
	at com.novocode.junit.JUnitRunner$1.execute(JUnitRunner.java:132)
	at sbt.ForkMain$Run$2.call(ForkMain.java:294)
	at sbt.ForkMain$Run$2.call(ForkMain.java:284)
	at java.util.concurrent.FutureTask.run(FutureTask.java:266)
	at java.util.concurrent.ThreadPoolExecutor.runWorker(ThreadPoolExecutor.java:1149)
	at java.util.concurrent.ThreadPoolExecutor$Worker.run(ThreadPoolExecutor.java:624)
	at java.lang.Thread.run(Thread.java:748)
Failed test  : ix.test.structureindexer.StructureIndexerTest . ensureBasicSSSCanGivePositiveResultOnStrictSubstructureConnected
[error] Test ix.test.structureindexer.StructureIndexerTest.ensureBasicSSSCanGivePositiveResultOnStrictSubstructureConnected failed: expected:<[tru]e> but was:<[fals]e>, took 3.649 sec
Starting test: ix.test.structureindexer.StructureIndexerTest . ensureSubstructureSearchHasBasicSmartsSupportForAnyBond
microservice is enabled ? false
cdk : O=C=O inchi = CURLTUGMZLYLDI-UHFFFAOYSA-N
java.lang.NullPointerException
	at org.openscience.cdk.atomtype.CDKAtomTypeMatcher.getMaximumBondOrder(CDKAtomTypeMatcher.java:497)
	at org.openscience.cdk.atomtype.CDKAtomTypeMatcher.perceiveCarbons(CDKAtomTypeMatcher.java:465)
	at org.openscience.cdk.atomtype.CDKAtomTypeMatcher.findMatchingAtomType(CDKAtomTypeMatcher.java:131)
	at org.openscience.cdk.atomtype.CDKAtomTypeMatcher.findMatchingAtomType(CDKAtomTypeMatcher.java:122)
	at gov.nih.ncats.molwitch.cdk.CdkChemicalImpl.percieveAtomTypeAndConfigureNonQueryAtoms(CdkChemicalImpl.java:513)
	at gov.nih.ncats.molwitch.cdk.CdkChemicalImpl.lambda$new$0(CdkChemicalImpl.java:104)
	at gov.nih.ncats.common.util.CachedSupplier.directCall(CachedSupplier.java:110)
	at gov.nih.ncats.common.util.CachedSupplier.get(CachedSupplier.java:100)
	at gov.nih.ncats.molwitch.cdk.CdkChemicalImpl.aromatize(CdkChemicalImpl.java:495)
	at gov.nih.ncats.molwitch.Chemical.aromatize(Chemical.java:541)
	at ix.core.plugins.StructureIndexerPlugin$StandardizedStructureIndexer.getStandardized(StructureIndexerPlugin.java:135)
	at ix.core.plugins.StructureIndexerPlugin$StandardizedStructureIndexer.substructure(StructureIndexerPlugin.java:302)
	at ix.core.plugins.StructureIndexerPlugin$StandardizedStructureIndexer.substructure(StructureIndexerPlugin.java:321)
	at ix.test.structureindexer.StructureIndexerTest.ensureSubstructureSearchHasBasicSmartsSupportForAnyBond(StructureIndexerTest.java:455)
	at sun.reflect.NativeMethodAccessorImpl.invoke0(Native Method)
	at sun.reflect.NativeMethodAccessorImpl.invoke(NativeMethodAccessorImpl.java:62)
	at sun.reflect.DelegatingMethodAccessorImpl.invoke(DelegatingMethodAccessorImpl.java:43)
	at java.lang.reflect.Method.invoke(Method.java:498)
	at org.junit.runners.model.FrameworkMethod$1.runReflectiveCall(FrameworkMethod.java:50)
	at org.junit.internal.runners.model.ReflectiveCallable.run(ReflectiveCallable.java:12)
	at org.junit.runners.model.FrameworkMethod.invokeExplosively(FrameworkMethod.java:47)
	at org.junit.internal.runners.statements.InvokeMethod.evaluate(InvokeMethod.java:17)
	at org.junit.internal.runners.statements.RunBefores.evaluate(RunBefores.java:26)
	at org.junit.rules.ExternalResource$1.evaluate(ExternalResource.java:48)
	at org.junit.rules.ExpectedException$ExpectedExceptionStatement.evaluate(ExpectedException.java:239)
	at org.junit.rules.ExternalResource$1.evaluate(ExternalResource.java:48)
	at org.junit.rules.TestWatcher$1.evaluate(TestWatcher.java:55)
	at org.junit.rules.TestWatcher$1.evaluate(TestWatcher.java:55)
	at org.junit.rules.RunRules.evaluate(RunRules.java:20)
	at org.junit.runners.ParentRunner.runLeaf(ParentRunner.java:325)
	at org.junit.runners.BlockJUnit4ClassRunner.runChild(BlockJUnit4ClassRunner.java:78)
	at ix.core.util.RunOnlyTestRunner.runChild(RunOnlyTestRunner.java:40)
	at ix.core.util.RunOnlyTestRunner.runChild(RunOnlyTestRunner.java:18)
	at org.junit.runners.ParentRunner$3.run(ParentRunner.java:290)
	at org.junit.runners.ParentRunner$1.schedule(ParentRunner.java:71)
	at org.junit.runners.ParentRunner.runChildren(ParentRunner.java:288)
	at org.junit.runners.ParentRunner.access$000(ParentRunner.java:58)
	at org.junit.runners.ParentRunner$2.evaluate(ParentRunner.java:268)
	at org.junit.runners.ParentRunner.run(ParentRunner.java:363)
	at org.junit.runners.Suite.runChild(Suite.java:128)
	at org.junit.runners.Suite.runChild(Suite.java:27)
	at org.junit.runners.ParentRunner$3.run(ParentRunner.java:290)
	at org.junit.runners.ParentRunner$1.schedule(ParentRunner.java:71)
	at org.junit.runners.ParentRunner.runChildren(ParentRunner.java:288)
	at org.junit.runners.ParentRunner.access$000(ParentRunner.java:58)
	at org.junit.runners.ParentRunner$2.evaluate(ParentRunner.java:268)
	at org.junit.runners.ParentRunner.run(ParentRunner.java:363)
	at org.junit.runner.JUnitCore.run(JUnitCore.java:137)
	at org.junit.runner.JUnitCore.run(JUnitCore.java:115)
	at com.novocode.junit.JUnitRunner$1.execute(JUnitRunner.java:132)
	at sbt.ForkMain$Run$2.call(ForkMain.java:294)
	at sbt.ForkMain$Run$2.call(ForkMain.java:284)
	at java.util.concurrent.FutureTask.run(FutureTask.java:266)
	at java.util.concurrent.ThreadPoolExecutor.runWorker(ThreadPoolExecutor.java:1149)
	at java.util.concurrent.ThreadPoolExecutor$Worker.run(ThreadPoolExecutor.java:624)
	at java.lang.Thread.run(Thread.java:748)
java.lang.AssertionError: expected:<2> but was:<0>
	at org.junit.Assert.fail(Assert.java:88)
	at org.junit.Assert.failNotEquals(Assert.java:834)
	at org.junit.Assert.assertEquals(Assert.java:645)
	at org.junit.Assert.assertEquals(Assert.java:631)
	at ix.test.structureindexer.StructureIndexerTest.ensureSubstructureSearchHasBasicSmartsSupportForAnyBond(StructureIndexerTest.java:455)
	at sun.reflect.NativeMethodAccessorImpl.invoke0(Native Method)
	at sun.reflect.NativeMethodAccessorImpl.invoke(NativeMethodAccessorImpl.java:62)
	at sun.reflect.DelegatingMethodAccessorImpl.invoke(DelegatingMethodAccessorImpl.java:43)
	at java.lang.reflect.Method.invoke(Method.java:498)
	at org.junit.runners.model.FrameworkMethod$1.runReflectiveCall(FrameworkMethod.java:50)
	at org.junit.internal.runners.model.ReflectiveCallable.run(ReflectiveCallable.java:12)
	at org.junit.runners.model.FrameworkMethod.invokeExplosively(FrameworkMethod.java:47)
	at org.junit.internal.runners.statements.InvokeMethod.evaluate(InvokeMethod.java:17)
	at org.junit.internal.runners.statements.RunBefores.evaluate(RunBefores.java:26)
	at org.junit.rules.ExternalResource$1.evaluate(ExternalResource.java:48)
	at org.junit.rules.ExpectedException$ExpectedExceptionStatement.evaluate(ExpectedException.java:239)
	at org.junit.rules.ExternalResource$1.evaluate(ExternalResource.java:48)
	at org.junit.rules.TestWatcher$1.evaluate(TestWatcher.java:55)
	at org.junit.rules.TestWatcher$1.evaluate(TestWatcher.java:55)
	at org.junit.rules.RunRules.evaluate(RunRules.java:20)
	at org.junit.runners.ParentRunner.runLeaf(ParentRunner.java:325)
	at org.junit.runners.BlockJUnit4ClassRunner.runChild(BlockJUnit4ClassRunner.java:78)
	at ix.core.util.RunOnlyTestRunner.runChild(RunOnlyTestRunner.java:40)
	at ix.core.util.RunOnlyTestRunner.runChild(RunOnlyTestRunner.java:18)
	at org.junit.runners.ParentRunner$3.run(ParentRunner.java:290)
	at org.junit.runners.ParentRunner$1.schedule(ParentRunner.java:71)
	at org.junit.runners.ParentRunner.runChildren(ParentRunner.java:288)
	at org.junit.runners.ParentRunner.access$000(ParentRunner.java:58)
	at org.junit.runners.ParentRunner$2.evaluate(ParentRunner.java:268)
	at org.junit.runners.ParentRunner.run(ParentRunner.java:363)
	at org.junit.runners.Suite.runChild(Suite.java:128)
	at org.junit.runners.Suite.runChild(Suite.java:27)
	at org.junit.runners.ParentRunner$3.run(ParentRunner.java:290)
	at org.junit.runners.ParentRunner$1.schedule(ParentRunner.java:71)
	at org.junit.runners.ParentRunner.runChildren(ParentRunner.java:288)
	at org.junit.runners.ParentRunner.access$000(ParentRunner.java:58)
	at org.junit.runners.ParentRunner$2.evaluate(ParentRunner.java:268)
	at org.junit.runners.ParentRunner.run(ParentRunner.java:363)
	at org.junit.runner.JUnitCore.run(JUnitCore.java:137)
	at org.junit.runner.JUnitCore.run(JUnitCore.java:115)
	at com.novocode.junit.JUnitRunner$1.execute(JUnitRunner.java:132)
	at sbt.ForkMain$Run$2.call(ForkMain.java:294)
	at sbt.ForkMain$Run$2.call(ForkMain.java:284)
	at java.util.concurrent.FutureTask.run(FutureTask.java:266)
	at java.util.concurrent.ThreadPoolExecutor.runWorker(ThreadPoolExecutor.java:1149)
	at java.util.concurrent.ThreadPoolExecutor$Worker.run(ThreadPoolExecutor.java:624)
	at java.lang.Thread.run(Thread.java:748)
Failed test  : ix.test.structureindexer.StructureIndexerTest . ensureSubstructureSearchHasBasicSmartsSupportForAnyBond
[error] Test ix.test.structureindexer.StructureIndexerTest.ensureSubstructureSearchHasBasicSmartsSupportForAnyBond failed: expected:<2> but was:<0>, took 3.8 sec
Starting test: ix.test.structureindexer.StructureIndexerTest . ensureBasicSSSCanGivePositiveResultOnStrictSubstructureConnectedQueryConnectedTarget
microservice is enabled ? false
cdk : O=C=O inchi = CURLTUGMZLYLDI-UHFFFAOYSA-N
Success test : ix.test.structureindexer.StructureIndexerTest . ensureBasicSSSCanGivePositiveResultOnStrictSubstructureConnectedQueryConnectedTarget
Starting test: ix.test.structureindexer.StructureIndexerTest . ensureAddingSubstanceAndRemovingGives0ResultsOnSearch
microservice is enabled ? false
cdk : O=C=O inchi = CURLTUGMZLYLDI-UHFFFAOYSA-N
Success test : ix.test.structureindexer.StructureIndexerTest . ensureAddingSubstanceAndRemovingGives0ResultsOnSearch
Starting test: ix.test.structureindexer.StructureIndexerTest . ensureCyclohexaneSearchInNonCyclohexaneStructureReturnsNothing
microservice is enabled ? false
cdk : O=C=O inchi = CURLTUGMZLYLDI-UHFFFAOYSA-N
Success test : ix.test.structureindexer.StructureIndexerTest . ensureCyclohexaneSearchInNonCyclohexaneStructureReturnsNothing
Starting test: ix.test.structureindexer.StructureIndexerTest . ensureBasicBenzeneSearchWorksKekule
microservice is enabled ? false
cdk : O=C=O inchi = CURLTUGMZLYLDI-UHFFFAOYSA-N
Success test : ix.test.structureindexer.StructureIndexerTest . ensureBasicBenzeneSearchWorksKekule
Starting test: ix.test.structureindexer.StructureIndexerTest . ensureIndexing2StructuresWithSameIdReturnsTheIdTwiceWhenSearchMatches
microservice is enabled ? false
cdk : O=C=O inchi = CURLTUGMZLYLDI-UHFFFAOYSA-N
Success test : ix.test.structureindexer.StructureIndexerTest . ensureIndexing2StructuresWithSameIdReturnsTheIdTwiceWhenSearchMatches
[info] ScalaTest
[info] Run completed in 1 minute, 26 seconds.
[info] Total number of tests run: 0
[info] Suites: completed 0, aborted 0
[info] Tests: succeeded 0, failed 0, canceled 0, ignored 0, pending 0
[info] No tests were executed.
[error] Failed: Total 20, Failed 7, Errors 0, Passed 13
[error] Failed tests:
[error] 	ix.test.structureindexer.StructureIndexerTest
[error] (ginas/test:testOnly) sbt.TestsFailedException: Tests unsuccessful
[error] Total time: 178 s, completed Sep 16, 2020 6:10:03 PM

